# JRE version: OpenJDK Runtime Environment (17.0.17+11) (build 17.0.17+11-LTS)
# Java VM: OpenJDK 64-Bit Server VM (17.0.17+11-LTS, mixed mode, sharing, tiered, compressed oops, compressed class ptrs, g1 gc, windows-amd64)
GC Precious Log:
 CPUs: 16 total, 16 available
 Memory: 16148M
 Large Page Support: Disabled
 NUMA Support: Disabled
 Compressed Oops: Enabled (32-bit)
 Heap Region Size: 1M
 Heap Min Capacity: 8M
 Heap Initial Capacity: 254M
 Heap Max Capacity: 512M
 Pre-touch: Disabled
 Parallel Workers: 13
 Concurrent Workers: 3
 Concurrent Refinement Workers: 13
 Periodic GC: Disabled
Heap:
 garbage-first heap   total 260096K, used 32784K [0x00000000e0000000, 0x0000000100000000)
  region size 1024K, 20 young (20480K), 4 survivors (4096K)
 Metaspace       used 10536K, committed 10752K, reserved 1114112K
  class space    used 1483K, committed 1600K, reserved 1048576K
GC Heap History (6 events):
Event: 2.056 GC heap before
{Heap before GC invocations=0 (full 0):
 garbage-first heap   total 260096K, used 23552K [0x00000000e0000000, 0x0000000100000000)
  region size 1024K, 23 young (23552K), 0 survivors (0K)
 Metaspace       used 3086K, committed 3264K, reserved 1114112K
  class space    used 337K, committed 448K, reserved 1048576K
}
Event: 2.062 GC heap after
{Heap after GC invocations=1 (full 0):
 garbage-first heap   total 260096K, used 13970K [0x00000000e0000000, 0x0000000100000000)
  region size 1024K, 3 young (3072K), 3 survivors (3072K)
 Metaspace       used 3086K, committed 3264K, reserved 1114112K
  class space    used 337K, committed 448K, reserved 1048576K
}
Event: 3.226 GC heap before
{Heap before GC invocations=1 (full 0):
 garbage-first heap   total 260096K, used 29330K [0x00000000e0000000, 0x0000000100000000)
  region size 1024K, 18 young (18432K), 3 survivors (3072K)
 Metaspace       used 6809K, committed 6976K, reserved 1114112K
  class space    used 895K, committed 960K, reserved 1048576K
}
Event: 3.229 GC heap after
{Heap after GC invocations=2 (full 0):
 garbage-first heap   total 260096K, used 16648K [0x00000000e0000000, 0x0000000100000000)
  region size 1024K, 3 young (3072K), 3 survivors (3072K)
 Metaspace       used 6809K, committed 6976K, reserved 1114112K
  class space    used 895K, committed 960K, reserved 1048576K
}
Event: 5.175 GC heap before
{Heap before GC invocations=2 (full 0):
 garbage-first heap   total 260096K, used 53512K [0x00000000e0000000, 0x0000000100000000)
  region size 1024K, 39 young (39936K), 3 survivors (3072K)
 Metaspace       used 10168K, committed 10368K, reserved 1114112K
  class space    used 1441K, committed 1536K, reserved 1048576K
}
Event: 5.179 GC heap after
{Heap after GC invocations=3 (full 0):
 garbage-first heap   total 260096K, used 17424K [0x00000000e0000000, 0x0000000100000000)
  region size 1024K, 4 young (4096K), 4 survivors (4096K)
 Metaspace       used 10168K, committed 10368K, reserved 1114112K
  class space    used 1441K, committed 1536K, reserved 1048576K
}

