# JRE version: OpenJDK Runtime Environment (17.0.17+11) (build 17.0.17+11-LTS)
# Java VM: OpenJDK 64-Bit Server VM (17.0.17+11-LTS, mixed mode, sharing, tiered, compressed oops, compressed class ptrs, g1 gc, windows-amd64)
GC Precious Log:
 CPUs: 16 total, 16 available
 Memory: 16148M
 Large Page Support: Disabled
 NUMA Support: Disabled
 Compressed Oops: Enabled (32-bit)
 Heap Region Size: 1M
 Heap Min Capacity: 256M
 Heap Initial Capacity: 256M
 Heap Max Capacity: 512M
 Pre-touch: Disabled
 Parallel Workers: 13
 Concurrent Workers: 3
 Concurrent Refinement Workers: 13
 Periodic GC: Disabled
Heap:
 garbage-first heap   total 262144K, used 54686K [0x00000000e0000000, 0x0000000100000000)
  region size 1024K, 46 young (47104K), 9 survivors (9216K)
 Metaspace       used 13853K, committed 14144K, reserved 393216K
  class space    used 1899K, committed 2048K, reserved 327680K
GC Heap History (6 events):
Event: 0.325 GC heap before
{Heap before GC invocations=0 (full 0):
 garbage-first heap   total 262144K, used 23552K [0x00000000e0000000, 0x0000000100000000)
  region size 1024K, 23 young (23552K), 0 survivors (0K)
 Metaspace       used 878K, committed 1024K, reserved 393216K
  class space    used 63K, committed 128K, reserved 327680K
}
Event: 0.327 GC heap after
{Heap after GC invocations=1 (full 0):
 garbage-first heap   total 262144K, used 1578K [0x00000000e0000000, 0x0000000100000000)
  region size 1024K, 2 young (2048K), 2 survivors (2048K)
 Metaspace       used 878K, committed 1024K, reserved 393216K
  class space    used 63K, committed 128K, reserved 327680K
}
Event: 5.964 GC heap before
{Heap before GC invocations=1 (full 0):
 garbage-first heap   total 262144K, used 39466K [0x00000000e0000000, 0x0000000100000000)
  region size 1024K, 37 young (37888K), 2 survivors (2048K)
 Metaspace       used 4575K, committed 4736K, reserved 393216K
  class space    used 570K, committed 640K, reserved 327680K
}
Event: 5.967 GC heap after
{Heap after GC invocations=2 (full 0):
 garbage-first heap   total 262144K, used 10628K [0x00000000e0000000, 0x0000000100000000)
  region size 1024K, 5 young (5120K), 5 survivors (5120K)
 Metaspace       used 4575K, committed 4736K, reserved 393216K
  class space    used 570K, committed 640K, reserved 327680K
}
Event: 7.541 GC heap before
{Heap before GC invocations=2 (full 0):
 garbage-first heap   total 262144K, used 75140K [0x00000000e0000000, 0x0000000100000000)
  region size 1024K, 66 young (67584K), 5 survivors (5120K)
 Metaspace       used 7078K, committed 7296K, reserved 393216K
  class space    used 947K, committed 1088K, reserved 327680K
}
Event: 7.546 GC heap after
{Heap after GC invocations=3 (full 0):
 garbage-first heap   total 262144K, used 17822K [0x00000000e0000000, 0x0000000100000000)
  region size 1024K, 9 young (9216K), 9 survivors (9216K)
 Metaspace       used 7078K, committed 7296K, reserved 393216K
  class space    used 947K, committed 1088K, reserved 327680K
}

